2019-01-29 21:23:47,113 INFO 38860 [egg-schedule]: register schedule /Users/lipeishang/WorkSpace/mooncake/node_modules/_egg-logrotator@3.0.5@egg-logrotator/app/schedule/clean_log.js
2019-01-29 21:23:47,113 INFO 38860 [egg-schedule]: register schedule /Users/lipeishang/WorkSpace/mooncake/node_modules/_egg-logrotator@3.0.5@egg-logrotator/app/schedule/rotate_by_file.js
2019-01-29 21:23:47,371 INFO 38859 [Timer] /Users/lipeishang/WorkSpace/mooncake/node_modules/_egg-logrotator@3.0.5@egg-logrotator/app/schedule/clean_log.js next time will execute after 9372635ms at 2019-01-30 00:00:00.006
2019-01-29 21:23:47,371 INFO 38859 [Timer] /Users/lipeishang/WorkSpace/mooncake/node_modules/_egg-logrotator@3.0.5@egg-logrotator/app/schedule/rotate_by_file.js next time will execute after 9373629ms at 2019-01-30 00:00:01.000
2019-01-29 21:25:19,579 INFO 39003 [Timer] /Users/lipeishang/WorkSpace/mooncake/node_modules/_egg-logrotator@3.0.5@egg-logrotator/app/schedule/clean_log.js next time will execute after 9280424ms at 2019-01-30 00:00:00.003
2019-01-29 21:25:19,579 INFO 39003 [Timer] /Users/lipeishang/WorkSpace/mooncake/node_modules/_egg-logrotator@3.0.5@egg-logrotator/app/schedule/rotate_by_file.js next time will execute after 9281421ms at 2019-01-30 00:00:01.000
2019-01-29 21:25:19,479 INFO 39004 [egg-schedule]: register schedule /Users/lipeishang/WorkSpace/mooncake/node_modules/_egg-logrotator@3.0.5@egg-logrotator/app/schedule/clean_log.js
2019-01-29 21:25:19,479 INFO 39004 [egg-schedule]: register schedule /Users/lipeishang/WorkSpace/mooncake/node_modules/_egg-logrotator@3.0.5@egg-logrotator/app/schedule/rotate_by_file.js
2019-01-29 21:26:55,371 INFO 39085 [Timer] /Users/lipeishang/WorkSpace/mooncake/node_modules/_egg-logrotator@3.0.5@egg-logrotator/app/schedule/clean_log.js next time will execute after 9184632ms at 2019-01-30 00:00:00.003
2019-01-29 21:26:55,372 INFO 39085 [Timer] /Users/lipeishang/WorkSpace/mooncake/node_modules/_egg-logrotator@3.0.5@egg-logrotator/app/schedule/rotate_by_file.js next time will execute after 9185629ms at 2019-01-30 00:00:01.001
2019-01-29 21:26:55,263 INFO 39086 [egg-schedule]: register schedule /Users/lipeishang/WorkSpace/mooncake/node_modules/_egg-logrotator@3.0.5@egg-logrotator/app/schedule/clean_log.js
2019-01-29 21:26:55,264 INFO 39086 [egg-schedule]: register schedule /Users/lipeishang/WorkSpace/mooncake/node_modules/_egg-logrotator@3.0.5@egg-logrotator/app/schedule/rotate_by_file.js
2019-01-29 21:30:37,060 INFO 39265 [Timer] /Users/lipeishang/WorkSpace/mooncake/node_modules/_egg-logrotator@3.0.5@egg-logrotator/app/schedule/clean_log.js next time will execute after 8962944ms at 2019-01-30 00:00:00.004
2019-01-29 21:30:37,060 INFO 39265 [Timer] /Users/lipeishang/WorkSpace/mooncake/node_modules/_egg-logrotator@3.0.5@egg-logrotator/app/schedule/rotate_by_file.js next time will execute after 8963940ms at 2019-01-30 00:00:01.000
2019-01-29 21:30:36,940 INFO 39266 [egg-schedule]: register schedule /Users/lipeishang/WorkSpace/mooncake/node_modules/_egg-logrotator@3.0.5@egg-logrotator/app/schedule/clean_log.js
2019-01-29 21:30:36,940 INFO 39266 [egg-schedule]: register schedule /Users/lipeishang/WorkSpace/mooncake/node_modules/_egg-logrotator@3.0.5@egg-logrotator/app/schedule/rotate_by_file.js
2019-01-29 21:32:31,256 INFO 39346 [Timer] /Users/lipeishang/WorkSpace/mooncake/node_modules/_egg-logrotator@3.0.5@egg-logrotator/app/schedule/clean_log.js next time will execute after 8848747ms at 2019-01-30 00:00:00.003
2019-01-29 21:32:31,257 INFO 39346 [Timer] /Users/lipeishang/WorkSpace/mooncake/node_modules/_egg-logrotator@3.0.5@egg-logrotator/app/schedule/rotate_by_file.js next time will execute after 8849744ms at 2019-01-30 00:00:01.001
2019-01-29 21:32:31,156 INFO 39347 [egg-schedule]: register schedule /Users/lipeishang/WorkSpace/mooncake/node_modules/_egg-logrotator@3.0.5@egg-logrotator/app/schedule/clean_log.js
2019-01-29 21:32:31,156 INFO 39347 [egg-schedule]: register schedule /Users/lipeishang/WorkSpace/mooncake/node_modules/_egg-logrotator@3.0.5@egg-logrotator/app/schedule/rotate_by_file.js
2019-01-29 22:01:43,501 INFO 41606 [Timer] /Users/lipeishang/WorkSpacce/mooncake/node_modules/_egg-logrotator@3.0.5@egg-logrotator/app/schedule/clean_log.js next time will execute after 7096502ms at 2019-01-30 00:00:00.003
2019-01-29 22:01:43,501 INFO 41606 [Timer] /Users/lipeishang/WorkSpacce/mooncake/node_modules/_egg-logrotator@3.0.5@egg-logrotator/app/schedule/rotate_by_file.js next time will execute after 7097499ms at 2019-01-30 00:00:01.000
2019-01-29 22:01:43,361 INFO 41608 [egg-schedule]: register schedule /Users/lipeishang/WorkSpacce/mooncake/node_modules/_egg-logrotator@3.0.5@egg-logrotator/app/schedule/clean_log.js
2019-01-29 22:01:43,361 INFO 41608 [egg-schedule]: register schedule /Users/lipeishang/WorkSpacce/mooncake/node_modules/_egg-logrotator@3.0.5@egg-logrotator/app/schedule/rotate_by_file.js
2019-01-29 22:03:49,926 INFO 41691 [Timer] /Users/lipeishang/WorkSpacce/mooncake/node_modules/_egg-logrotator@3.0.5@egg-logrotator/app/schedule/clean_log.js next time will execute after 6970077ms at 2019-01-30 00:00:00.003
2019-01-29 22:03:49,926 INFO 41691 [Timer] /Users/lipeishang/WorkSpacce/mooncake/node_modules/_egg-logrotator@3.0.5@egg-logrotator/app/schedule/rotate_by_file.js next time will execute after 6971074ms at 2019-01-30 00:00:01.000
2019-01-29 22:03:49,820 INFO 41693 [egg-schedule]: register schedule /Users/lipeishang/WorkSpacce/mooncake/node_modules/_egg-logrotator@3.0.5@egg-logrotator/app/schedule/clean_log.js
2019-01-29 22:03:49,820 INFO 41693 [egg-schedule]: register schedule /Users/lipeishang/WorkSpacce/mooncake/node_modules/_egg-logrotator@3.0.5@egg-logrotator/app/schedule/rotate_by_file.js
2019-01-29 22:03:57,474 INFO 41738 [Timer] /Users/lipeishang/WorkSpacce/mooncake/node_modules/_egg-logrotator@3.0.5@egg-logrotator/app/schedule/clean_log.js next time will execute after 6962529ms at 2019-01-30 00:00:00.003
2019-01-29 22:03:57,474 INFO 41738 [Timer] /Users/lipeishang/WorkSpacce/mooncake/node_modules/_egg-logrotator@3.0.5@egg-logrotator/app/schedule/rotate_by_file.js next time will execute after 6963526ms at 2019-01-30 00:00:01.000
2019-01-29 22:03:57,386 INFO 41771 [egg-schedule]: register schedule /Users/lipeishang/WorkSpacce/mooncake/node_modules/_egg-logrotator@3.0.5@egg-logrotator/app/schedule/clean_log.js
2019-01-29 22:03:57,386 INFO 41771 [egg-schedule]: register schedule /Users/lipeishang/WorkSpacce/mooncake/node_modules/_egg-logrotator@3.0.5@egg-logrotator/app/schedule/rotate_by_file.js
